# JRE version: OpenJDK Runtime Environment (11.0.13) (build 11.0.13+0-b1751.21-8125866)
# Java VM: OpenJDK 64-Bit Server VM (11.0.13+0-b1751.21-8125866, mixed mode, tiered, compressed oops, g1 gc, windows-amd64)
Heap:
 garbage-first heap   total 258048K, used 135159K [0x0000000080000000, 0x0000000100000000)
  region size 1024K, 14 young (14336K), 2 survivors (2048K)
 Metaspace       used 94082K, capacity 96565K, committed 96796K, reserved 1134592K
  class space    used 11752K, capacity 12723K, committed 12748K, reserved 1048576K
GC Heap History (20 events):
Event: 2.578 GC heap after
{Heap after GC invocations=4 (full 0):
 garbage-first heap   total 258048K, used 17878K [0x0000000080000000, 0x0000000100000000)
  region size 1024K, 2 young (2048K), 2 survivors (2048K)
 Metaspace       used 22916K, capacity 23518K, committed 23856K, reserved 1071104K
  class space    used 2893K, capacity 3103K, committed 3200K, reserved 1048576K
}
Event: 3.505 GC heap before
{Heap before GC invocations=4 (full 0):
 garbage-first heap   total 258048K, used 114134K [0x0000000080000000, 0x0000000100000000)
  region size 1024K, 97 young (99328K), 2 survivors (2048K)
 Metaspace       used 35065K, capacity 35857K, committed 35920K, reserved 1081344K
  class space    used 4518K, capacity 4839K, committed 4864K, reserved 1048576K
}
Event: 3.512 GC heap after
{Heap after GC invocations=5 (full 0):
 garbage-first heap   total 258048K, used 21906K [0x0000000080000000, 0x0000000100000000)
  region size 1024K, 6 young (6144K), 6 survivors (6144K)
 Metaspace       used 35065K, capacity 35857K, committed 35920K, reserved 1081344K
  class space    used 4518K, capacity 4839K, committed 4864K, reserved 1048576K
}
Event: 4.311 GC heap before
{Heap before GC invocations=6 (full 0):
 garbage-first heap   total 258048K, used 146834K [0x0000000080000000, 0x0000000100000000)
  region size 1024K, 126 young (129024K), 6 survivors (6144K)
 Metaspace       used 42938K, capacity 43895K, committed 44060K, reserved 1087488K
  class space    used 5454K, capacity 5810K, committed 5836K, reserved 1048576K
}
Event: 4.333 GC heap after
{Heap after GC invocations=7 (full 0):
 garbage-first heap   total 258048K, used 30305K [0x0000000080000000, 0x0000000100000000)
  region size 1024K, 14 young (14336K), 14 survivors (14336K)
 Metaspace       used 42938K, capacity 43895K, committed 44060K, reserved 1087488K
  class space    used 5454K, capacity 5810K, committed 5836K, reserved 1048576K
}
Event: 5.292 GC heap before
{Heap before GC invocations=8 (full 0):
 garbage-first heap   total 258048K, used 170593K [0x0000000080000000, 0x0000000100000000)
  region size 1024K, 151 young (154624K), 14 survivors (14336K)
 Metaspace       used 47531K, capacity 48709K, committed 49052K, reserved 1091584K
  class space    used 5904K, capacity 6355K, committed 6476K, reserved 1048576K
}
Event: 5.302 GC heap after
{Heap after GC invocations=9 (full 0):
 garbage-first heap   total 258048K, used 37437K [0x0000000080000000, 0x0000000100000000)
  region size 1024K, 16 young (16384K), 16 survivors (16384K)
 Metaspace       used 47531K, capacity 48709K, committed 49052K, reserved 1091584K
  class space    used 5904K, capacity 6355K, committed 6476K, reserved 1048576K
}
Event: 6.613 GC heap before
{Heap before GC invocations=9 (full 0):
 garbage-first heap   total 258048K, used 175677K [0x0000000080000000, 0x0000000100000000)
  region size 1024K, 151 young (154624K), 16 survivors (16384K)
 Metaspace       used 55759K, capacity 57179K, committed 57372K, reserved 1099776K
  class space    used 6953K, capacity 7508K, committed 7628K, reserved 1048576K
}
Event: 6.620 GC heap after
{Heap after GC invocations=10 (full 0):
 garbage-first heap   total 258048K, used 42503K [0x0000000080000000, 0x0000000100000000)
  region size 1024K, 14 young (14336K), 14 survivors (14336K)
 Metaspace       used 55759K, capacity 57179K, committed 57372K, reserved 1099776K
  class space    used 6953K, capacity 7508K, committed 7628K, reserved 1048576K
}
Event: 13.062 GC heap before
{Heap before GC invocations=10 (full 0):
 garbage-first heap   total 258048K, used 197127K [0x0000000080000000, 0x0000000100000000)
  region size 1024K, 151 young (154624K), 14 survivors (14336K)
 Metaspace       used 69303K, capacity 70984K, committed 71324K, reserved 1112064K
  class space    used 8562K, capacity 9207K, committed 9292K, reserved 1048576K
}
Event: 13.073 GC heap after
{Heap after GC invocations=11 (full 0):
 garbage-first heap   total 258048K, used 69158K [0x0000000080000000, 0x0000000100000000)
  region size 1024K, 19 young (19456K), 19 survivors (19456K)
 Metaspace       used 69303K, capacity 70984K, committed 71324K, reserved 1112064K
  class space    used 8562K, capacity 9207K, committed 9292K, reserved 1048576K
}
Event: 13.342 GC heap before
{Heap before GC invocations=11 (full 0):
 garbage-first heap   total 258048K, used 99878K [0x0000000080000000, 0x0000000100000000)
  region size 1024K, 48 young (49152K), 19 survivors (19456K)
 Metaspace       used 71649K, capacity 73304K, committed 73372K, reserved 1114112K
  class space    used 8853K, capacity 9504K, committed 9548K, reserved 1048576K
}
Event: 13.359 GC heap after
{Heap after GC invocations=12 (full 0):
 garbage-first heap   total 258048K, used 69510K [0x0000000080000000, 0x0000000100000000)
  region size 1024K, 4 young (4096K), 4 survivors (4096K)
 Metaspace       used 71649K, capacity 73304K, committed 73372K, reserved 1114112K
  class space    used 8853K, capacity 9504K, committed 9548K, reserved 1048576K
}
Event: 14.231 GC heap before
{Heap before GC invocations=13 (full 0):
 garbage-first heap   total 258048K, used 185222K [0x0000000080000000, 0x0000000100000000)
  region size 1024K, 118 young (120832K), 4 survivors (4096K)
 Metaspace       used 77145K, capacity 78958K, committed 79260K, reserved 1118208K
  class space    used 9545K, capacity 10223K, committed 10316K, reserved 1048576K
}
Event: 14.235 GC heap after
{Heap after GC invocations=14 (full 0):
 garbage-first heap   total 258048K, used 73956K [0x0000000080000000, 0x0000000100000000)
  region size 1024K, 10 young (10240K), 10 survivors (10240K)
 Metaspace       used 77145K, capacity 78958K, committed 79260K, reserved 1118208K
  class space    used 9545K, capacity 10223K, committed 10316K, reserved 1048576K
}
Event: 15.180 GC heap before
{Heap before GC invocations=14 (full 0):
 garbage-first heap   total 258048K, used 189668K [0x0000000080000000, 0x0000000100000000)
  region size 1024K, 124 young (126976K), 10 survivors (10240K)
 Metaspace       used 86146K, capacity 88101K, committed 88220K, reserved 1126400K
  class space    used 10818K, capacity 11566K, committed 11596K, reserved 1048576K
}
Event: 15.186 GC heap after
{Heap after GC invocations=15 (full 0):
 garbage-first heap   total 258048K, used 83362K [0x0000000080000000, 0x0000000100000000)
  region size 1024K, 16 young (16384K), 16 survivors (16384K)
 Metaspace       used 86146K, capacity 88101K, committed 88220K, reserved 1126400K
  class space    used 10818K, capacity 11566K, committed 11596K, reserved 1048576K
}
Event: 506.329 GC heap before
{Heap before GC invocations=15 (full 0):
 garbage-first heap   total 258048K, used 223650K [0x0000000080000000, 0x0000000100000000)
  region size 1024K, 125 young (128000K), 16 survivors (16384K)
 Metaspace       used 93374K, capacity 95787K, committed 96028K, reserved 1132544K
  class space    used 11647K, capacity 12614K, committed 12748K, reserved 1048576K
}
Event: 506.336 GC heap after
{Heap after GC invocations=16 (full 0):
 garbage-first heap   total 258048K, used 123405K [0x0000000080000000, 0x0000000100000000)
  region size 1024K, 10 young (10240K), 10 survivors (10240K)
 Metaspace       used 93374K, capacity 95787K, committed 96028K, reserved 1132544K
  class space    used 11647K, capacity 12614K, committed 12748K, reserved 1048576K
}
Event: 508.027 GC heap before
{Heap before GC invocations=16 (full 0):
 garbage-first heap   total 258048K, used 134669K [0x0000000080000000, 0x0000000100000000)
  region size 1024K, 22 young (22528K), 10 survivors (10240K)
 Metaspace       used 94082K, capacity 96565K, committed 96796K, reserved 1134592K
  class space    used 11752K, capacity 12723K, committed 12748K, reserved 1048576K
}

